\BOOKMARK [0][-]{chapter.1}{Wstep}{}
\BOOKMARK [0][-]{chapter.2}{Historia prac}{}
\BOOKMARK [1][-]{section.2.1}{Marzec 2012}{chapter.2}
\BOOKMARK [2][-]{subsection.2.1.1}{12 marca}{section.2.1}
\BOOKMARK [2][-]{subsection.2.1.2}{19 marca}{section.2.1}
\BOOKMARK [2][-]{subsection.2.1.3}{26 marca}{section.2.1}
\BOOKMARK [1][-]{section.2.2}{Kwiecien 2012}{chapter.2}
\BOOKMARK [2][-]{subsection.2.2.1}{2 kwietnia}{section.2.2}
\BOOKMARK [2][-]{subsection.2.2.2}{16 kwietnia}{section.2.2}
\BOOKMARK [2][-]{subsection.2.2.3}{23 kwietnia}{section.2.2}
\BOOKMARK [1][-]{section.2.3}{Maj 2012}{chapter.2}
\BOOKMARK [2][-]{subsection.2.3.1}{7 maja}{section.2.3}
\BOOKMARK [2][-]{subsection.2.3.2}{14 maja}{section.2.3}
\BOOKMARK [2][-]{subsection.2.3.3}{21 maja}{section.2.3}
\BOOKMARK [2][-]{subsection.2.3.4}{28 maja}{section.2.3}
\BOOKMARK [0][-]{chapter.3}{Harmonogram dalszej pracy}{}
\BOOKMARK [1][-]{section.3.1}{Czerwiec 2012}{chapter.3}
\BOOKMARK [2][-]{subsection.3.1.1}{4 czerwca}{section.3.1}
\BOOKMARK [2][-]{subsection.3.1.2}{11 czerwca}{section.3.1}
\BOOKMARK [2][-]{subsection.3.1.3}{18 czerwca}{section.3.1}
\BOOKMARK [0][-]{chapter*.5}{Bibliografia}{}
