\BOOKMARK [0][-]{chapter.1}{Sformu\233owanie zadania projektowego}{}
\BOOKMARK [1][-]{section.1.1}{Zapoznanie sie z dotychczasowym systemem}{chapter.1}
\BOOKMARK [2][-]{subsection.1.1.1}{Ustalenia}{section.1.1}
\BOOKMARK [2][-]{subsection.1.1.2}{Wnioski}{section.1.1}
\BOOKMARK [0][-]{chapter.2}{Por\363wnanie bibliotek graficznych w jezyku JavaScript}{}
\BOOKMARK [1][-]{section.2.1}{Informacje podstawowe}{chapter.2}
\BOOKMARK [2][-]{subsection.2.1.1}{JavaScript InfoVis Toolkit}{section.2.1}
\BOOKMARK [2][-]{subsection.2.1.2}{JSViz}{section.2.1}
\BOOKMARK [2][-]{subsection.2.1.3}{Dracula}{section.2.1}
\BOOKMARK [1][-]{section.2.2}{Funkcjonalnosc}{chapter.2}
\BOOKMARK [2][-]{subsection.2.2.1}{JavaScript InfoVis Toolkit}{section.2.2}
\BOOKMARK [2][-]{subsection.2.2.2}{JSViz}{section.2.2}
\BOOKMARK [2][-]{subsection.2.2.3}{Dracula}{section.2.2}
\BOOKMARK [1][-]{section.2.3}{Wydajnosc}{chapter.2}
\BOOKMARK [2][-]{subsection.2.3.1}{JavaScript InfoVis Toolkit}{section.2.3}
\BOOKMARK [2][-]{subsection.2.3.2}{JSViz}{section.2.3}
\BOOKMARK [2][-]{subsection.2.3.3}{Dracula}{section.2.3}
\BOOKMARK [1][-]{section.2.4}{Wnioski}{chapter.2}
\BOOKMARK [0][-]{chapter.3}{Analiza pliku wynikowego Dispatch Ridera}{}
\BOOKMARK [1][-]{section.3.1}{Struktura pliku wynikowego Dispatch Ridera}{chapter.3}
\BOOKMARK [1][-]{section.3.2}{Struktura pliku dla biblioteki graficznej}{chapter.3}
\BOOKMARK [0][-]{chapter.4}{Okreslenie wymagan oraz projekt graficzny systemu}{}
\BOOKMARK [1][-]{section.4.1}{Wymagania funkcjonalne}{chapter.4}
\BOOKMARK [1][-]{section.4.2}{Wymagania niefunkcjonalne}{chapter.4}
\BOOKMARK [1][-]{section.4.3}{Projekt GUI}{chapter.4}
\BOOKMARK [0][-]{chapter.5}{Oprogramowanie schedulera}{}
\BOOKMARK [0][-]{chapter.6}{Architektura systemu}{}
\BOOKMARK [1][-]{section.6.1}{Aplikacja internetowa}{chapter.6}
\BOOKMARK [1][-]{section.6.2}{Scheduler}{chapter.6}
\BOOKMARK [1][-]{section.6.3}{Dispatch Rider}{chapter.6}
\BOOKMARK [0][-]{chapter*.12}{Bibliografia}{}
